<?xml version="1.0" encoding="UTF-8"?>
<!-- Generated by org.testng.reporters.JUnitReportReporter -->
<testsuite skipped="0" hostname="LAPTOP-UT5RV267" name="com.geico.com.GeicoCom" tests="1" failures="0" timestamp="24 Oct 2018 16:17:39 GMT" time="15.848" errors="0">
  <testcase name="geicoComTest" time="15.848" classname="com.geico.com.GeicoCom"/>
</testsuite> <!-- com.geico.com.GeicoCom -->
