<?xml version="1.0" encoding="UTF-8"?>
<!-- Generated by org.testng.reporters.JUnitReportReporter -->
<testsuite skipped="0" hostname="LAPTOP-UT5RV267" name="Geicocom" tests="1" failures="0" timestamp="05 Aug 2018 16:41:50 GMT" time="11.896" errors="0">
  <testcase name="geicoComTest" time="11.896" classname="Geicocom"/>
</testsuite> <!-- Geicocom -->
