<?xml version="1.0" encoding="UTF-8"?>
<!-- Generated by org.testng.reporters.JUnitReportReporter -->
<testsuite skipped="0" hostname="LAPTOP-UT5RV267" name="com.selenium.library.Gmail" tests="1" failures="0" timestamp="27 Jun 2018 18:03:10 GMT" time="6.511" errors="0">
  <testcase name="gmail" time="6.511" classname="com.selenium.library.Gmail"/>
</testsuite> <!-- com.selenium.library.Gmail -->
