<?xml version="1.0" encoding="UTF-8"?>
<!-- Generated by org.testng.reporters.JUnitReportReporter -->
<testsuite skipped="0" hostname="LAPTOP-UT5RV267" name="com.thegreate.courses.BuyACourse" tests="1" failures="0" timestamp="24 Oct 2018 16:17:39 GMT" time="71.080" errors="0">
  <testcase name="buyScienceCourse" time="71.080" classname="com.thegreate.courses.BuyACourse"/>
</testsuite> <!-- com.thegreate.courses.BuyACourse -->
