<?xml version="1.0" encoding="UTF-8"?>
<!-- Generated by org.testng.reporters.JUnitReportReporter -->
<testsuite skipped="0" hostname="LAPTOP-UT5RV267" name="MealB" tests="1" failures="0" timestamp="05 Dec 2018 06:40:09 GMT" time="13.170" errors="0">
  <testcase name="mealBTest" time="13.170" classname="MealB"/>
</testsuite> <!-- MealB -->
