<?xml version="1.0" encoding="UTF-8"?>
<!-- Generated by org.testng.reporters.JUnitReportReporter -->
<testsuite skipped="0" hostname="LAPTOP-UT5RV267" name="com.thegreatcourses.tests.BuyOurnightskyCourseTest" tests="1" failures="0" timestamp="24 Oct 2018 16:17:39 GMT" time="58.754" errors="0">
  <testcase name="Test1" time="58.754" classname="com.thegreatcourses.tests.BuyOurnightskyCourseTest"/>
</testsuite> <!-- com.thegreatcourses.tests.BuyOurnightskyCourseTest -->
